# JRE version: OpenJDK Runtime Environment Temurin-17.0.5+8 (17.0.5+8) (build 17.0.5+8)
# Java VM: OpenJDK 64-Bit Server VM Temurin-17.0.5+8 (17.0.5+8, mixed mode, tiered, compressed oops, compressed class ptrs, parallel gc, linux-amd64)
GC Precious Log:
 CPUs: 4 total, 4 available
 Memory: 3793M
 Large Page Support: Disabled
 NUMA Support: Disabled
 Compressed Oops: Enabled (32-bit)
 Alignments: Space 512K, Generation 512K, Heap 2M
 Heap Min Capacity: 100M
 Heap Initial Capacity: 100M
 Heap Max Capacity: 1G
 Pre-touch: Disabled
 Parallel Workers: 4
Heap:
 PSYoungGen      total 59392K, used 15796K [0x00000000eab00000, 0x00000000efa80000, 0x0000000100000000)
  eden space 43520K, 0% used [0x00000000eab00000,0x00000000eab00000,0x00000000ed580000)
  from space 15872K, 99% used [0x00000000eeb00000,0x00000000efa6d1e0,0x00000000efa80000)
  to   space 17920K, 0% used [0x00000000ed780000,0x00000000ed780000,0x00000000ee900000)
 ParOldGen       total 257536K, used 257496K [0x00000000c0000000, 0x00000000cfb80000, 0x00000000eab00000)
  object space 257536K, 99% used [0x00000000c0000000,0x00000000cfb763f8,0x00000000cfb80000)
 Metaspace       used 67279K, committed 68352K, reserved 1114112K
  class space    used 7261K, committed 7744K, reserved 1048576K
GC Heap History (20 events):
Event: 18.660 GC heap after
{Heap after GC invocations=88 (full 7):
 PSYoungGen      total 30208K, used 5611K [0x00000000eab00000, 0x00000000edb80000, 0x0000000100000000)
  eden space 24576K, 0% used [0x00000000eab00000,0x00000000eab00000,0x00000000ec300000)
  from space 5632K, 99% used [0x00000000ec300000,0x00000000ec87ae98,0x00000000ec880000)
  to   space 11776K, 0% used [0x00000000ed000000,0x00000000ed000000,0x00000000edb80000)
 ParOldGen       total 257536K, used 202193K [0x00000000c0000000, 0x00000000cfb80000, 0x00000000eab00000)
  object space 257536K, 78% used [0x00000000c0000000,0x00000000cc5747f8,0x00000000cfb80000)
 Metaspace       used 67183K, committed 68160K, reserved 1114112K
  class space    used 7246K, committed 7680K, reserved 1048576K
}
Event: 18.771 GC heap before
{Heap before GC invocations=89 (full 7):
 PSYoungGen      total 30208K, used 30187K [0x00000000eab00000, 0x00000000edb80000, 0x0000000100000000)
  eden space 24576K, 100% used [0x00000000eab00000,0x00000000ec300000,0x00000000ec300000)
  from space 5632K, 99% used [0x00000000ec300000,0x00000000ec87ae98,0x00000000ec880000)
  to   space 11776K, 0% used [0x00000000ed000000,0x00000000ed000000,0x00000000edb80000)
 ParOldGen       total 257536K, used 202193K [0x00000000c0000000, 0x00000000cfb80000, 0x00000000eab00000)
  object space 257536K, 78% used [0x00000000c0000000,0x00000000cc5747f8,0x00000000cfb80000)
 Metaspace       used 67183K, committed 68160K, reserved 1114112K
  class space    used 7246K, committed 7680K, reserved 1048576K
}
Event: 18.782 GC heap after
{Heap after GC invocations=89 (full 7):
 PSYoungGen      total 35328K, used 8327K [0x00000000eab00000, 0x00000000ed880000, 0x0000000100000000)
  eden space 26624K, 0% used [0x00000000eab00000,0x00000000eab00000,0x00000000ec500000)
  from space 8704K, 95% used [0x00000000ed000000,0x00000000ed821fd0,0x00000000ed880000)
  to   space 9216K, 0% used [0x00000000ec680000,0x00000000ec680000,0x00000000ecf80000)
 ParOldGen       total 257536K, used 204972K [0x00000000c0000000, 0x00000000cfb80000, 0x00000000eab00000)
  object space 257536K, 79% used [0x00000000c0000000,0x00000000cc82b360,0x00000000cfb80000)
 Metaspace       used 67183K, committed 68160K, reserved 1114112K
  class space    used 7246K, committed 7680K, reserved 1048576K
}
Event: 18.910 GC heap before
{Heap before GC invocations=90 (full 7):
 PSYoungGen      total 35328K, used 34951K [0x00000000eab00000, 0x00000000ed880000, 0x0000000100000000)
  eden space 26624K, 100% used [0x00000000eab00000,0x00000000ec500000,0x00000000ec500000)
  from space 8704K, 95% used [0x00000000ed000000,0x00000000ed821fd0,0x00000000ed880000)
  to   space 9216K, 0% used [0x00000000ec680000,0x00000000ec680000,0x00000000ecf80000)
 ParOldGen       total 257536K, used 204972K [0x00000000c0000000, 0x00000000cfb80000, 0x00000000eab00000)
  object space 257536K, 79% used [0x00000000c0000000,0x00000000cc82b360,0x00000000cfb80000)
 Metaspace       used 67245K, committed 68352K, reserved 1114112K
  class space    used 7256K, committed 7744K, reserved 1048576K
}
Event: 18.926 GC heap after
{Heap after GC invocations=90 (full 7):
 PSYoungGen      total 37376K, used 9208K [0x00000000eab00000, 0x00000000ee580000, 0x0000000100000000)
  eden space 28160K, 0% used [0x00000000eab00000,0x00000000eab00000,0x00000000ec680000)
  from space 9216K, 99% used [0x00000000ec680000,0x00000000ecf7e0c0,0x00000000ecf80000)
  to   space 15360K, 0% used [0x00000000ed680000,0x00000000ed680000,0x00000000ee580000)
 ParOldGen       total 257536K, used 209990K [0x00000000c0000000, 0x00000000cfb80000, 0x00000000eab00000)
  object space 257536K, 81% used [0x00000000c0000000,0x00000000ccd11808,0x00000000cfb80000)
 Metaspace       used 67245K, committed 68352K, reserved 1114112K
  class space    used 7256K, committed 7744K, reserved 1048576K
}
Event: 19.096 GC heap before
{Heap before GC invocations=91 (full 7):
 PSYoungGen      total 37376K, used 37368K [0x00000000eab00000, 0x00000000ee580000, 0x0000000100000000)
  eden space 28160K, 100% used [0x00000000eab00000,0x00000000ec680000,0x00000000ec680000)
  from space 9216K, 99% used [0x00000000ec680000,0x00000000ecf7e0c0,0x00000000ecf80000)
  to   space 15360K, 0% used [0x00000000ed680000,0x00000000ed680000,0x00000000ee580000)
 ParOldGen       total 257536K, used 209990K [0x00000000c0000000, 0x00000000cfb80000, 0x00000000eab00000)
  object space 257536K, 81% used [0x00000000c0000000,0x00000000ccd11808,0x00000000cfb80000)
 Metaspace       used 67275K, committed 68352K, reserved 1114112K
  class space    used 7261K, committed 7744K, reserved 1048576K
}
Event: 19.108 GC heap after
{Heap after GC invocations=91 (full 7):
 PSYoungGen      total 40960K, used 9993K [0x00000000eab00000, 0x00000000ee080000, 0x0000000100000000)
  eden space 30720K, 0% used [0x00000000eab00000,0x00000000eab00000,0x00000000ec900000)
  from space 10240K, 97% used [0x00000000ed680000,0x00000000ee042430,0x00000000ee080000)
  to   space 11776K, 0% used [0x00000000ec980000,0x00000000ec980000,0x00000000ed500000)
 ParOldGen       total 257536K, used 215812K [0x00000000c0000000, 0x00000000cfb80000, 0x00000000eab00000)
  object space 257536K, 83% used [0x00000000c0000000,0x00000000cd2c13c0,0x00000000cfb80000)
 Metaspace       used 67275K, committed 68352K, reserved 1114112K
  class space    used 7261K, committed 7744K, reserved 1048576K
}
Event: 19.316 GC heap before
{Heap before GC invocations=92 (full 7):
 PSYoungGen      total 40960K, used 40713K [0x00000000eab00000, 0x00000000ee080000, 0x0000000100000000)
  eden space 30720K, 100% used [0x00000000eab00000,0x00000000ec900000,0x00000000ec900000)
  from space 10240K, 97% used [0x00000000ed680000,0x00000000ee042430,0x00000000ee080000)
  to   space 11776K, 0% used [0x00000000ec980000,0x00000000ec980000,0x00000000ed500000)
 ParOldGen       total 257536K, used 215812K [0x00000000c0000000, 0x00000000cfb80000, 0x00000000eab00000)
  object space 257536K, 83% used [0x00000000c0000000,0x00000000cd2c13c0,0x00000000cfb80000)
 Metaspace       used 67278K, committed 68352K, reserved 1114112K
  class space    used 7261K, committed 7744K, reserved 1048576K
}
Event: 19.332 GC heap after
{Heap after GC invocations=92 (full 7):
 PSYoungGen      total 43008K, used 11774K [0x00000000eab00000, 0x00000000eef80000, 0x0000000100000000)
  eden space 31232K, 0% used [0x00000000eab00000,0x00000000eab00000,0x00000000ec980000)
  from space 11776K, 99% used [0x00000000ec980000,0x00000000ed4ff890,0x00000000ed500000)
  to   space 18432K, 0% used [0x00000000edd80000,0x00000000edd80000,0x00000000eef80000)
 ParOldGen       total 257536K, used 221070K [0x00000000c0000000, 0x00000000cfb80000, 0x00000000eab00000)
  object space 257536K, 85% used [0x00000000c0000000,0x00000000cd7e3ab8,0x00000000cfb80000)
 Metaspace       used 67278K, committed 68352K, reserved 1114112K
  class space    used 7261K, committed 7744K, reserved 1048576K
}
Event: 19.519 GC heap before
{Heap before GC invocations=93 (full 7):
 PSYoungGen      total 43008K, used 43006K [0x00000000eab00000, 0x00000000eef80000, 0x0000000100000000)
  eden space 31232K, 100% used [0x00000000eab00000,0x00000000ec980000,0x00000000ec980000)
  from space 11776K, 99% used [0x00000000ec980000,0x00000000ed4ff890,0x00000000ed500000)
  to   space 18432K, 0% used [0x00000000edd80000,0x00000000edd80000,0x00000000eef80000)
 ParOldGen       total 257536K, used 221070K [0x00000000c0000000, 0x00000000cfb80000, 0x00000000eab00000)
  object space 257536K, 85% used [0x00000000c0000000,0x00000000cd7e3ab8,0x00000000cfb80000)
 Metaspace       used 67278K, committed 68352K, reserved 1114112K
  class space    used 7261K, committed 7744K, reserved 1048576K
}
Event: 19.537 GC heap after
{Heap after GC invocations=93 (full 7):
 PSYoungGen      total 45568K, used 11565K [0x00000000eab00000, 0x00000000ee900000, 0x0000000100000000)
  eden space 33792K, 0% used [0x00000000eab00000,0x00000000eab00000,0x00000000ecc00000)
  from space 11776K, 98% used [0x00000000edd80000,0x00000000ee8cb678,0x00000000ee900000)
  to   space 13824K, 0% used [0x00000000ece00000,0x00000000ece00000,0x00000000edb80000)
 ParOldGen       total 257536K, used 228282K [0x00000000c0000000, 0x00000000cfb80000, 0x00000000eab00000)
  object space 257536K, 88% used [0x00000000c0000000,0x00000000cdeee890,0x00000000cfb80000)
 Metaspace       used 67278K, committed 68352K, reserved 1114112K
  class space    used 7261K, committed 7744K, reserved 1048576K
}
Event: 19.801 GC heap before
{Heap before GC invocations=94 (full 7):
 PSYoungGen      total 45568K, used 45357K [0x00000000eab00000, 0x00000000ee900000, 0x0000000100000000)
  eden space 33792K, 100% used [0x00000000eab00000,0x00000000ecc00000,0x00000000ecc00000)
  from space 11776K, 98% used [0x00000000edd80000,0x00000000ee8cb678,0x00000000ee900000)
  to   space 13824K, 0% used [0x00000000ece00000,0x00000000ece00000,0x00000000edb80000)
 ParOldGen       total 257536K, used 228282K [0x00000000c0000000, 0x00000000cfb80000, 0x00000000eab00000)
  object space 257536K, 88% used [0x00000000c0000000,0x00000000cdeee890,0x00000000cfb80000)
 Metaspace       used 67278K, committed 68352K, reserved 1114112K
  class space    used 7261K, committed 7744K, reserved 1048576K
}
Event: 19.816 GC heap after
{Heap after GC invocations=94 (full 7):
 PSYoungGen      total 49664K, used 13811K [0x00000000eab00000, 0x00000000ef700000, 0x0000000100000000)
  eden space 35840K, 0% used [0x00000000eab00000,0x00000000eab00000,0x00000000ece00000)
  from space 13824K, 99% used [0x00000000ece00000,0x00000000edb7ce80,0x00000000edb80000)
  to   space 20480K, 0% used [0x00000000ee300000,0x00000000ee300000,0x00000000ef700000)
 ParOldGen       total 257536K, used 233409K [0x00000000c0000000, 0x00000000cfb80000, 0x00000000eab00000)
  object space 257536K, 90% used [0x00000000c0000000,0x00000000ce3f04c8,0x00000000cfb80000)
 Metaspace       used 67278K, committed 68352K, reserved 1114112K
  class space    used 7261K, committed 7744K, reserved 1048576K
}
Event: 20.012 GC heap before
{Heap before GC invocations=95 (full 7):
 PSYoungGen      total 49664K, used 49651K [0x00000000eab00000, 0x00000000ef700000, 0x0000000100000000)
  eden space 35840K, 100% used [0x00000000eab00000,0x00000000ece00000,0x00000000ece00000)
  from space 13824K, 99% used [0x00000000ece00000,0x00000000edb7ce80,0x00000000edb80000)
  to   space 20480K, 0% used [0x00000000ee300000,0x00000000ee300000,0x00000000ef700000)
 ParOldGen       total 257536K, used 233409K [0x00000000c0000000, 0x00000000cfb80000, 0x00000000eab00000)
  object space 257536K, 90% used [0x00000000c0000000,0x00000000ce3f04c8,0x00000000cfb80000)
 Metaspace       used 67279K, committed 68352K, reserved 1114112K
  class space    used 7261K, committed 7744K, reserved 1048576K
}
Event: 20.032 GC heap after
{Heap after GC invocations=95 (full 7):
 PSYoungGen      total 52224K, used 12977K [0x00000000eab00000, 0x00000000ef000000, 0x0000000100000000)
  eden space 38912K, 0% used [0x00000000eab00000,0x00000000eab00000,0x00000000ed100000)
  from space 13312K, 97% used [0x00000000ee300000,0x00000000eefac580,0x00000000ef000000)
  to   space 15360K, 0% used [0x00000000ed200000,0x00000000ed200000,0x00000000ee100000)
 ParOldGen       total 257536K, used 242386K [0x00000000c0000000, 0x00000000cfb80000, 0x00000000eab00000)
  object space 257536K, 94% used [0x00000000c0000000,0x00000000cecb4a68,0x00000000cfb80000)
 Metaspace       used 67279K, committed 68352K, reserved 1114112K
  class space    used 7261K, committed 7744K, reserved 1048576K
}
Event: 20.264 GC heap before
{Heap before GC invocations=96 (full 7):
 PSYoungGen      total 52224K, used 51889K [0x00000000eab00000, 0x00000000ef000000, 0x0000000100000000)
  eden space 38912K, 100% used [0x00000000eab00000,0x00000000ed100000,0x00000000ed100000)
  from space 13312K, 97% used [0x00000000ee300000,0x00000000eefac580,0x00000000ef000000)
  to   space 15360K, 0% used [0x00000000ed200000,0x00000000ed200000,0x00000000ee100000)
 ParOldGen       total 257536K, used 242386K [0x00000000c0000000, 0x00000000cfb80000, 0x00000000eab00000)
  object space 257536K, 94% used [0x00000000c0000000,0x00000000cecb4a68,0x00000000cfb80000)
 Metaspace       used 67279K, committed 68352K, reserved 1114112K
  class space    used 7261K, committed 7744K, reserved 1048576K
}
Event: 20.283 GC heap after
{Heap after GC invocations=96 (full 7):
 PSYoungGen      total 55296K, used 15343K [0x00000000eab00000, 0x00000000f0180000, 0x0000000100000000)
  eden space 39936K, 0% used [0x00000000eab00000,0x00000000eab00000,0x00000000ed200000)
  from space 15360K, 99% used [0x00000000ed200000,0x00000000ee0fbfe0,0x00000000ee100000)
  to   space 23040K, 0% used [0x00000000eeb00000,0x00000000eeb00000,0x00000000f0180000)
 ParOldGen       total 257536K, used 248528K [0x00000000c0000000, 0x00000000cfb80000, 0x00000000eab00000)
  object space 257536K, 96% used [0x00000000c0000000,0x00000000cf2b4348,0x00000000cfb80000)
 Metaspace       used 67279K, committed 68352K, reserved 1114112K
  class space    used 7261K, committed 7744K, reserved 1048576K
}
Event: 20.514 GC heap before
{Heap before GC invocations=97 (full 7):
 PSYoungGen      total 55296K, used 55279K [0x00000000eab00000, 0x00000000f0180000, 0x0000000100000000)
  eden space 39936K, 100% used [0x00000000eab00000,0x00000000ed200000,0x00000000ed200000)
  from space 15360K, 99% used [0x00000000ed200000,0x00000000ee0fbfe0,0x00000000ee100000)
  to   space 23040K, 0% used [0x00000000eeb00000,0x00000000eeb00000,0x00000000f0180000)
 ParOldGen       total 257536K, used 248528K [0x00000000c0000000, 0x00000000cfb80000, 0x00000000eab00000)
  object space 257536K, 96% used [0x00000000c0000000,0x00000000cf2b4348,0x00000000cfb80000)
 Metaspace       used 67279K, committed 68352K, reserved 1114112K
  class space    used 7261K, committed 7744K, reserved 1048576K
}
Event: 20.543 GC heap after
{Heap after GC invocations=97 (full 7):
 PSYoungGen      total 59392K, used 15796K [0x00000000eab00000, 0x00000000efa80000, 0x0000000100000000)
  eden space 43520K, 0% used [0x00000000eab00000,0x00000000eab00000,0x00000000ed580000)
  from space 15872K, 99% used [0x00000000eeb00000,0x00000000efa6d1e0,0x00000000efa80000)
  to   space 17920K, 0% used [0x00000000ed780000,0x00000000ed780000,0x00000000ee900000)
 ParOldGen       total 257536K, used 257496K [0x00000000c0000000, 0x00000000cfb80000, 0x00000000eab00000)
  object space 257536K, 99% used [0x00000000c0000000,0x00000000cfb763f8,0x00000000cfb80000)
 Metaspace       used 67279K, committed 68352K, reserved 1114112K
  class space    used 7261K, committed 7744K, reserved 1048576K
}
Event: 20.543 GC heap before
{Heap before GC invocations=98 (full 8):
 PSYoungGen      total 59392K, used 15796K [0x00000000eab00000, 0x00000000efa80000, 0x0000000100000000)
  eden space 43520K, 0% used [0x00000000eab00000,0x00000000eab00000,0x00000000ed580000)
  from space 15872K, 99% used [0x00000000eeb00000,0x00000000efa6d1e0,0x00000000efa80000)
  to   space 17920K, 0% used [0x00000000ed780000,0x00000000ed780000,0x00000000ee900000)
 ParOldGen       total 257536K, used 257496K [0x00000000c0000000, 0x00000000cfb80000, 0x00000000eab00000)
  object space 257536K, 99% used [0x00000000c0000000,0x00000000cfb763f8,0x00000000cfb80000)
 Metaspace       used 67279K, committed 68352K, reserved 1114112K
  class space    used 7261K, committed 7744K, reserved 1048576K
}

